{"logTime": "0509/080422", "correlationVector":"ApllJwaUUoH2zRGFQEtJoR.0","action":"FeedSettingFetch_homeCloud", "result":"0", "context":{}}
{"logTime": "0509/080422", "correlationVector":"IdBbMFrVFO8Nv7ba6orInQ.1","action":"SyncServerConnectionManagerRequest", "result":"SYNC_SERVER_OK", "context":{"environment":"48F630A6-CB1B-4CC7-86AF-0F6627234B58|106", "server":"AM3PEPF0000098F"}}
{"logTime": "0509/080423", "correlationVector":"P+Hz1+u3NIcAz+IKS7q+42.1","action":"SyncServerConnectionManagerRequest", "result":"SYNC_SERVER_OK", "context":{"environment":"48F630A6-CB1B-4CC7-86AF-0F6627234B58|106", "server":"AM3PEPF0000098F"}}
{"logTime": "0509/080423", "correlationVector":"IdBbMFrVFO8Nv7ba6orInQ","action":"Initial GetUpdates", "result":""}
{"logTime": "0509/080423", "correlationVector":"IdBbMFrVFO8Nv7ba6orInQ.2","action":"GetUpdates Response", "result":"SERVER_MORE_TO_DOWNLOAD"}
{"logTime": "0509/080423", "correlationVector":"P+Hz1+u3NIcAz+IKS7q+42","action":"Initial GetUpdates", "result":""}
{"logTime": "0509/080423", "correlationVector":"P+Hz1+u3NIcAz+IKS7q+42.2","action":"GetUpdates Response", "result":"SYNCER_OK"}
{"logTime": "0509/080423", "correlationVector":"UP+IWhSLdl+gJAsEcfwA+X","action":"SyncServerConnectionManagerRequest", "result":"SYNC_SERVER_OK", "context":{"environment":"", "server":""}}
{"logTime": "0509/080423", "correlationVector":"1JHNH7Y9WOAUeDQ7fY6qzM","action":"Initial GetUpdates", "result":""}
{"logTime": "0509/080424", "correlationVector":"1JHNH7Y9WOAUeDQ7fY6qzM.1","action":"SyncServerConnectionManagerRequest", "result":"SYNC_SERVER_OK", "context":{"environment":"48F630A6-CB1B-4CC7-86AF-0F6627234B58|106", "server":"AM3PEPF0000098F"}}
{"logTime": "0509/080424", "correlationVector":"1JHNH7Y9WOAUeDQ7fY6qzM.2","action":"GetUpdates Response", "result":"SERVER_MORE_TO_DOWNLOAD"}
{"logTime": "0509/080424", "correlationVector":"oeN2QiC+8ToBFaP5O7XThu","action":"Initial GetUpdates", "result":""}
{"logTime": "0509/080427", "correlationVector":"oeN2QiC+8ToBFaP5O7XThu.1","action":"SyncServerConnectionManagerRequest", "result":"SYNC_SERVER_OK", "context":{"environment":"48F630A6-CB1B-4CC7-86AF-0F6627234B58|106", "server":"AM3PEPF0000098F"}}
{"logTime": "0509/080427", "correlationVector":"oeN2QiC+8ToBFaP5O7XThu.2","action":"GetUpdates Response", "result":"SERVER_MORE_TO_DOWNLOAD"}
{"logTime": "0509/080427", "correlationVector":"XawqDJC12+MS3tVyTxHER+","action":"Initial GetUpdates", "result":""}
{"logTime": "0509/080427", "correlationVector":"XawqDJC12+MS3tVyTxHER+.1","action":"SyncServerConnectionManagerRequest", "result":"SYNC_SERVER_OK", "context":{"environment":"48F630A6-CB1B-4CC7-86AF-0F6627234B58|106", "server":"AM3PEPF0000098F"}}
{"logTime": "0509/080427", "correlationVector":"XawqDJC12+MS3tVyTxHER+.2","action":"GetUpdates Response", "result":"SERVER_MORE_TO_DOWNLOAD"}
{"logTime": "0509/080427", "correlationVector":"grTDMpQDlhaiPSN7zXjmUI","action":"Initial GetUpdates", "result":""}
{"logTime": "0509/080428", "correlationVector":"grTDMpQDlhaiPSN7zXjmUI.1","action":"SyncServerConnectionManagerRequest", "result":"SYNC_SERVER_OK", "context":{"environment":"48F630A6-CB1B-4CC7-86AF-0F6627234B58|106", "server":"AM3PEPF0000098F"}}
{"logTime": "0509/080428", "correlationVector":"grTDMpQDlhaiPSN7zXjmUI.2","action":"GetUpdates Response", "result":"SYNCER_OK"}
{"logTime": "0509/080428", "correlationVector":"zxhpQv3xR11gt+XHRavSVb","action":"Initial GetUpdates", "result":""}
{"logTime": "0509/080432", "correlationVector":"zxhpQv3xR11gt+XHRavSVb.1","action":"SyncServerConnectionManagerRequest", "result":"SYNC_SERVER_OK", "context":{"environment":"48F630A6-CB1B-4CC7-86AF-0F6627234B58|106", "server":"AM3PEPF0000098F"}}
{"logTime": "0509/080432", "correlationVector":"zxhpQv3xR11gt+XHRavSVb.2","action":"GetUpdates Response", "result":"SERVER_MORE_TO_DOWNLOAD"}
{"logTime": "0509/080432", "correlationVector":"U7jgQ13v8/hU5nk9E+Hpky","action":"Initial GetUpdates", "result":""}
{"logTime": "0509/080436", "correlationVector":"U7jgQ13v8/hU5nk9E+Hpky.1","action":"SyncServerConnectionManagerRequest", "result":"SYNC_SERVER_OK", "context":{"environment":"48F630A6-CB1B-4CC7-86AF-0F6627234B58|106", "server":"AM3PEPF0000098F"}}
{"logTime": "0509/080436", "correlationVector":"U7jgQ13v8/hU5nk9E+Hpky.2","action":"GetUpdates Response", "result":"SYNCER_OK"}
{"logTime": "0509/080436", "correlationVector":"LCJQwGEY5vkBIlv09I+2pY","action":"Normal GetUpdate request", "result":""}
{"logTime": "0509/080436", "correlationVector":"LCJQwGEY5vkBIlv09I+2pY.1","action":"SyncServerConnectionManagerRequest", "result":"SYNC_SERVER_OK", "context":{"environment":"48F630A6-CB1B-4CC7-86AF-0F6627234B58|106", "server":"AM3PEPF0000098F"}}
{"logTime": "0509/080436", "correlationVector":"LCJQwGEY5vkBIlv09I+2pY.2","action":"GetUpdates Response", "result":"SYNCER_OK"}
{"logTime": "0509/080436", "correlationVector":"9VGymS51quvAVaw7xnoMyu","action":"Commit Request", "result":""}
{"logTime": "0509/080437", "correlationVector":"9VGymS51quvAVaw7xnoMyu.1","action":"SyncServerConnectionManagerRequest", "result":"SYNC_SERVER_OK", "context":{"environment":"48F630A6-CB1B-4CC7-86AF-0F6627234B58|106", "server":"AM3PEPF0000098F"}}
{"logTime": "0509/080437", "correlationVector":"9VGymS51quvAVaw7xnoMyu.2","action":"Commit Response", "result":"SYNCER_OK"}
